<?xml version="1.0" encoding="UTF-8"?>
<testng-results ignored="0" total="2" passed="2" failed="0" skipped="0">
  <reporter-output>
  </reporter-output>
  <suite started-at="2026-05-04T12:25:35 IDT" name="FrontgateSuite" finished-at="2026-05-04T12:26:03 IDT" duration-ms="27371">
    <groups>
    </groups>
    <test started-at="2026-05-04T12:25:35 IDT" name="LoginTests" finished-at="2026-05-04T12:26:03 IDT" duration-ms="27371">
      <class name="tests.LoginTest">
        <test-method is-config="true" signature="setUp(java.lang.String,java.lang.String,java.lang.String,java.lang.String)[pri:0, instance:tests.LoginTest@4d9e68d0]" started-at="2026-05-04T12:25:35 IDT" name="setUp" finished-at="2026-05-04T12:25:43 IDT" duration-ms="7587" status="PASS">
          <params>
            <param index="0">
              <value>
                <![CDATA[https://certwcs.frontgate.com/?aka_bypass=5C73514EE7A609054D81DE61DD9CA3D6]]>
              </value>
            </param>
            <param index="1">
              <value>
                <![CDATA[chef03@anhmaybietchoi.com]]>
              </value>
            </param>
            <param index="2">
              <value>
                <![CDATA[Shahd@123456]]>
              </value>
            </param>
            <param index="3">
              <value>
                <![CDATA[Welcome ss]]>
              </value>
            </param>
          </params>
          <reporter-output>
          </reporter-output>
        </test-method> <!-- setUp -->
        <test-method signature="verifyHomePageElements()[pri:1, instance:tests.LoginTest@4d9e68d0]" started-at="2026-05-04T12:25:43 IDT" name="verifyHomePageElements" finished-at="2026-05-04T12:25:44 IDT" duration-ms="807" status="PASS">
          <reporter-output>
          </reporter-output>
        </test-method> <!-- verifyHomePageElements -->
        <test-method signature="verifyLoginSuccess()[pri:2, instance:tests.LoginTest@4d9e68d0]" started-at="2026-05-04T12:25:44 IDT" name="verifyLoginSuccess" finished-at="2026-05-04T12:26:02 IDT" duration-ms="18305" status="PASS">
          <reporter-output>
          </reporter-output>
        </test-method> <!-- verifyLoginSuccess -->
        <test-method is-config="true" signature="tearDown()[pri:0, instance:tests.LoginTest@4d9e68d0]" started-at="2026-05-04T12:26:02 IDT" name="tearDown" finished-at="2026-05-04T12:26:03 IDT" duration-ms="621" status="PASS">
          <reporter-output>
          </reporter-output>
        </test-method> <!-- tearDown -->
      </class> <!-- tests.LoginTest -->
    </test> <!-- LoginTests -->
  </suite> <!-- FrontgateSuite -->
</testng-results>
