<?xml version="1.0" encoding="UTF-8"?>
<testng-results ignored="0" total="2" passed="2" failed="0" skipped="0">
  <reporter-output>
  </reporter-output>
  <suite started-at="2026-04-26T14:30:21 IDT" name="Default suite" finished-at="2026-04-26T14:30:58 IDT" duration-ms="36882">
    <groups>
    </groups>
    <test started-at="2026-04-26T14:30:21 IDT" name="Default test" finished-at="2026-04-26T14:30:58 IDT" duration-ms="36882">
      <class name="tests.LoginTest">
        <test-method is-config="true" signature="setUp()[pri:0, instance:tests.LoginTest@619713e5]" started-at="2026-04-26T14:30:21 IDT" name="setUp" finished-at="2026-04-26T14:30:26 IDT" duration-ms="4179" status="PASS">
          <reporter-output>
          </reporter-output>
        </test-method> <!-- setUp -->
        <test-method signature="verifyHomePageElements()[pri:1, instance:tests.LoginTest@619713e5]" started-at="2026-04-26T14:30:26 IDT" name="verifyHomePageElements" finished-at="2026-04-26T14:30:36 IDT" duration-ms="9981" status="PASS">
          <reporter-output>
          </reporter-output>
        </test-method> <!-- verifyHomePageElements -->
        <test-method signature="verifyLoginSuccess()[pri:2, instance:tests.LoginTest@619713e5]" started-at="2026-04-26T14:30:36 IDT" name="verifyLoginSuccess" finished-at="2026-04-26T14:30:52 IDT" duration-ms="16517" status="PASS">
          <reporter-output>
          </reporter-output>
        </test-method> <!-- verifyLoginSuccess -->
        <test-method is-config="true" signature="tearDown()[pri:0, instance:tests.LoginTest@619713e5]" started-at="2026-04-26T14:30:52 IDT" name="tearDown" finished-at="2026-04-26T14:30:58 IDT" duration-ms="6004" status="PASS">
          <reporter-output>
          </reporter-output>
        </test-method> <!-- tearDown -->
      </class> <!-- tests.LoginTest -->
    </test> <!-- Default test -->
  </suite> <!-- Default suite -->
</testng-results>
